9998.339	R24,AVG	T00,AVG	B41,FAP	T90,MMR	B82,FAP	R47,AVG	T54,HRG	R13,FAP	R61,MMR	B68,HRG	
8418.071	R24,AVG	T00,AVG	B41,HRG	T90,MMR	B82,MMR	R47,HRG	T54,FAP	R13,AVG	R61,MMR	B68,FAP	
11886.817	R24,HRG	T00,FAP	B41,HRG	T90,MMR	B82,MMR	R47,FAP	T54,AVG	R13,AVG	R61,FAP	B68,HRG	
9313.326	R24,HRG	T00,AVG	B41,MMR	T90,MMR	B82,FAP	R47,AVG	T54,FAP	R13,AVG	R61,MMR	B68,HRG	
11157.991	R24,FAP	T00,AVG	B41,AVG	T90,MMR	B82,FAP	R47,HRG	T54,FAP	R13,HRG	R61,MMR	B68,HRG	
11310.735	R24,MMR	T00,AVG	B41,AVG	T90,FAP	B82,HRG	R47,FAP	T54,HRG	R13,AVG	R61,MMR	B68,HRG	
11101.255	R24,AVG	T00,AVG	B41,FAP	T90,MMR	B82,MMR	R47,AVG	T54,HRG	R13,FAP	R61,HRG	B68,HRG	
9636.432	R24,AVG	T00,AVG	B41,MMR	T90,HRG	B82,MMR	R47,HRG	T54,FAP	R13,FAP	R61,MMR	B68,FAP	
9015.962	R24,HRG	T00,AVG	B41,MMR	T90,MMR	B82,FAP	R47,FAP	T54,FAP	R13,AVG	R61,MMR	B68,HRG	
11062.818	R24,FAP	T00,AVG	B41,MMR	T90,MMR	B82,HRG	R47,AVG	T54,FAP	R13,AVG	R61,HRG	B68,HRG	
9776.193	R24,AVG	T00,AVG	B41,FAP	T90,MMR	B82,MMR	R47,FAP	T54,HRG	R13,AVG	R61,HRG	B68,HRG	
8899.211	R24,HRG	T00,AVG	B41,MMR	T90,MMR	B82,MMR	R47,FAP	T54,FAP	R13,AVG	R61,FAP	B68,HRG	
10116.293	R24,AVG	T00,MMR	B41,AVG	T90,MMR	B82,FAP	R47,HRG	T54,FAP	R13,FAP	R61,MMR	B68,HRG	
10927.256	R24,AVG	T00,AVG	B41,AVG	T90,MMR	B82,HRG	R47,HRG	T54,HRG	R13,FAP	R61,MMR	B68,FAP	
11541.460	R24,AVG	T00,HRG	B41,MMR	T90,FAP	B82,HRG	R47,HRG	T54,FAP	R13,AVG	R61,MMR	B68,FAP	
10570.397	R24,AVG	T00,AVG	B41,HRG	T90,MMR	B82,MMR	R47,HRG	T54,FAP	R13,HRG	R61,MMR	B68,FAP	
10505.727	R24,FAP	T00,AVG	B41,FAP	T90,MMR	B82,MMR	R47,FAP	T54,HRG	R13,AVG	R61,HRG	B68,HRG	
9356.671	R24,AVG	T00,AVG	B41,FAP	T90,MMR	B82,HRG	R47,MMR	T54,FAP	R13,AVG	R61,MMR	B68,HRG	
10259.354	R24,AVG	T00,AVG	B41,FAP	T90,MMR	B82,HRG	R47,HRG	T54,FAP	R13,FAP	R61,MMR	B68,HRG	
9512.267	R24,AVG	T00,FAP	B41,FAP	T90,MMR	B82,FAP	R47,HRG	T54,MMR	R13,AVG	R61,MMR	B68,HRG	
8378.653	R24,AVG	T00,AVG	B41,FAP	T90,FAP	B82,MMR	R47,HRG	T54,FAP	R13,AVG	R61,MMR	B68,HRG	
8687.594	R24,AVG	T00,AVG	B41,HRG	T90,MMR	B82,MMR	R47,FAP	T54,FAP	R13,AVG	R61,FAP	B68,HRG	
11788.952	R24,AVG	T00,MMR	B41,HRG	T90,MMR	B82,MMR	R47,HRG	T54,FAP	R13,FAP	R61,AVG	B68,HRG	
10631.878	R24,FAP	T00,AVG	B41,AVG	T90,MMR	B82,MMR	R47,FAP	T54,HRG	R13,HRG	R61,MMR	B68,HRG	
9881.590	R24,AVG	T00,AVG	B41,FAP	T90,MMR	B82,MMR	R47,AVG	T54,HRG	R13,FAP	R61,FAP	B68,HRG	
9763.799	R24,AVG	T00,AVG	B41,FAP	T90,FAP	B82,MMR	R47,FAP	T54,MMR	R13,AVG	R61,HRG	B68,HRG	
10616.377	R24,AVG	T00,HRG	B41,FAP	T90,MMR	B82,MMR	R47,HRG	T54,MMR	R13,AVG	R61,FAP	B68,HRG	
10426.151	R24,AVG	T00,FAP	B41,HRG	T90,MMR	B82,MMR	R47,HRG	T54,HRG	R13,AVG	R61,MMR	B68,FAP	
11056.988	R24,AVG	T00,AVG	B41,MMR	T90,FAP	B82,HRG	R47,FAP	T54,HRG	R13,FAP	R61,MMR	B68,HRG	
10589.640	R24,HRG	T00,AVG	B41,MMR	T90,MMR	B82,MMR	R47,FAP	T54,HRG	R13,AVG	R61,FAP	B68,AVG	
9943.637	R24,HRG	T00,AVG	B41,AVG	T90,MMR	B82,MMR	R47,HRG	T54,FAP	R13,AVG	R61,FAP	B68,HRG	
11254.035	R24,AVG	T00,AVG	B41,HRG	T90,MMR	B82,FAP	R47,AVG	T54,FAP	R13,HRG	R61,MMR	B68,HRG	
10284.211	R24,AVG	T00,FAP	B41,AVG	T90,MMR	B82,FAP	R47,HRG	T54,HRG	R13,AVG	R61,MMR	B68,HRG	
9126.185	R24,AVG	T00,AVG	B41,MMR	T90,MMR	B82,HRG	R47,FAP	T54,FAP	R13,FAP	R61,MMR	B68,HRG	
8828.021	R24,FAP	T00,AVG	B41,MMR	T90,MMR	B82,HRG	R47,FAP	T54,FAP	R13,AVG	R61,MMR	B68,HRG	
10837.439	R24,HRG	T00,AVG	B41,AVG	T90,MMR	B82,MMR	R47,HRG	T54,FAP	R13,AVG	R61,HRG	B68,FAP	
9886.853	R24,AVG	T00,AVG	B41,HRG	T90,MMR	B82,FAP	R47,FAP	T54,HRG	R13,AVG	R61,MMR	B68,HRG	
9253.565	R24,AVG	T00,FAP	B41,MMR	T90,FAP	B82,MMR	R47,FAP	T54,HRG	R13,AVG	R61,MMR	B68,HRG	
10947.880	R24,FAP	T00,AVG	B41,HRG	T90,MMR	B82,MMR	R47,HRG	T54,HRG	R13,AVG	R61,FAP	B68,FAP	
8741.374	R24,AVG	T00,AVG	B41,FAP	T90,HRG	B82,MMR	R47,FAP	T54,MMR	R13,AVG	R61,MMR	B68,HRG	
10303.811	R24,HRG	T00,AVG	B41,FAP	T90,HRG	B82,MMR	R47,FAP	T54,FAP	R13,AVG	R61,MMR	B68,HRG	
9224.740	R24,FAP	T00,AVG	B41,MMR	T90,MMR	B82,FAP	R47,HRG	T54,AVG	R13,AVG	R61,MMR	B68,HRG	
11244.775	R24,FAP	T00,HRG	B41,AVG	T90,MMR	B82,HRG	R47,FAP	T54,FAP	R13,AVG	R61,MMR	B68,HRG	
10400.114	R24,AVG	T00,AVG	B41,AVG	T90,FAP	B82,MMR	R47,HRG	T54,HRG	R13,FAP	R61,MMR	B68,HRG	
10256.206	R24,AVG	T00,FAP	B41,FAP	T90,MMR	B82,MMR	R47,HRG	T54,HRG	R13,AVG	R61,FAP	B68,HRG	
10370.949	R24,HRG	T00,AVG	B41,FAP	T90,MMR	B82,FAP	R47,HRG	T54,MMR	R13,AVG	R61,MMR	B68,HRG	
8995.008	R24,AVG	T00,AVG	B41,MMR	T90,HRG	B82,FAP	R47,FAP	T54,FAP	R13,AVG	R61,MMR	B68,HRG	
10290.921	R24,AVG	T00,FAP	B41,MMR	T90,HRG	B82,MMR	R47,FAP	T54,FAP	R13,AVG	R61,AVG	B68,HRG	
10733.127	R24,AVG	T00,HRG	B41,FAP	T90,MMR	B82,FAP	R47,HRG	T54,MMR	R13,AVG	R61,MMR	B68,HRG	
10418.998	R24,AVG	T00,AVG	B41,FAP	T90,MMR	B82,HRG	R47,HRG	T54,FAP	R13,MMR	R61,MMR	B68,HRG	
9668.130	R24,AVG	T00,AVG	B41,AVG	T90,FAP	B82,MMR	R47,FAP	T54,FAP	R13,HRG	R61,MMR	B68,HRG	
9961.043	R24,AVG	T00,MMR	B41,AVG	T90,HRG	B82,MMR	R47,FAP	T54,FAP	R13,AVG	R61,FAP	B68,HRG	
11045.079	R24,AVG	T00,MMR	B41,AVG	T90,HRG	B82,MMR	R47,HRG	T54,FAP	R13,FAP	R61,MMR	B68,HRG	
9485.553	R24,AVG	T00,AVG	B41,MMR	T90,HRG	B82,MMR	R47,AVG	T54,FAP	R13,FAP	R61,MMR	B68,HRG	
9665.226	R24,AVG	T00,AVG	B41,FAP	T90,MMR	B82,MMR	R47,FAP	T54,HRG	R13,HRG	R61,MMR	B68,FAP	
9437.301	R24,AVG	T00,FAP	B41,AVG	T90,FAP	B82,MMR	R47,HRG	T54,MMR	R13,AVG	R61,MMR	B68,HRG	
10483.592	R24,AVG	T00,MMR	B41,HRG	T90,MMR	B82,HRG	R47,FAP	T54,FAP	R13,AVG	R61,MMR	B68,HRG	
9688.240	R24,FAP	T00,AVG	B41,AVG	T90,MMR	B82,MMR	R47,HRG	T54,AVG	R13,FAP	R61,MMR	B68,HRG	
10475.080	R24,AVG	T00,AVG	B41,FAP	T90,MMR	B82,FAP	R47,HRG	T54,HRG	R13,FAP	R61,MMR	B68,HRG	
8327.992	R24,AVG	T00,AVG	B41,MMR	T90,FAP	B82,MMR	R47,FAP	T54,HRG	R13,AVG	R61,MMR	B68,HRG	
10731.039	R24,HRG	T00,AVG	B41,MMR	T90,FAP	B82,HRG	R47,FAP	T54,FAP	R13,AVG	R61,MMR	B68,HRG	
9759.248	R24,AVG	T00,MMR	B41,MMR	T90,FAP	B82,HRG	R47,FAP	T54,FAP	R13,AVG	R61,MMR	B68,HRG	
9900.632	R24,AVG	T00,AVG	B41,HRG	T90,FAP	B82,MMR	R47,FAP	T54,HRG	R13,AVG	R61,MMR	B68,HRG	
9485.743	R24,AVG	T00,MMR	B41,FAP	T90,MMR	B82,FAP	R47,FAP	T54,HRG	R13,AVG	R61,MMR	B68,HRG	
9973.094	R24,AVG	T00,AVG	B41,MMR	T90,MMR	B82,FAP	R47,HRG	T54,MMR	R13,FAP	R61,FAP	B68,HRG	
11183.703	R24,AVG	T00,FAP	B41,MMR	T90,HRG	B82,MMR	R47,AVG	T54,HRG	R13,AVG	R61,FAP	B68,HRG	
9988.303	R24,AVG	T00,AVG	B41,FAP	T90,MMR	B82,HRG	R47,HRG	T54,HRG	R13,AVG	R61,MMR	B68,FAP	
9177.340	R24,AVG	T00,MMR	B41,FAP	T90,MMR	B82,FAP	R47,HRG	T54,FAP	R13,AVG	R61,MMR	B68,HRG	
10400.451	R24,AVG	T00,AVG	B41,FAP	T90,MMR	B82,MMR	R47,HRG	T54,FAP	R13,HRG	R61,FAP	B68,HRG	
9005.664	R24,FAP	T00,AVG	B41,AVG	T90,MMR	B82,FAP	R47,HRG	T54,FAP	R13,AVG	R61,MMR	B68,HRG	
10511.308	R24,AVG	T00,HRG	B41,FAP	T90,MMR	B82,FAP	R47,HRG	T54,FAP	R13,AVG	R61,MMR	B68,HRG	
10982.357	R24,AVG	T00,FAP	B41,AVG	T90,MMR	B82,MMR	R47,AVG	T54,MMR	R13,HRG	R61,FAP	B68,HRG	
10549.398	R24,FAP	T00,AVG	B41,MMR	T90,FAP	B82,MMR	R47,HRG	T54,HRG	R13,AVG	R61,FAP	B68,HRG	
11535.177	R24,AVG	T00,AVG	B41,AVG	T90,HRG	B82,FAP	R47,FAP	T54,HRG	R13,MMR	R61,MMR	B68,HRG	
10511.308	R24,AVG	T00,HRG	B41,FAP	T90,MMR	B82,FAP	R47,HRG	T54,FAP	R13,AVG	R61,MMR	B68,HRG	
11814.798	R24,MMR	T00,MMR	B41,AVG	T90,FAP	B82,HRG	R47,HRG	T54,FAP	R13,AVG	R61,MMR	B68,HRG	
9645.562	R24,FAP	T00,AVG	B41,AVG	T90,MMR	B82,MMR	R47,HRG	T54,HRG	R13,AVG	R61,FAP	B68,FAP	
9523.885	R24,AVG	T00,FAP	B41,AVG	T90,FAP	B82,MMR	R47,FAP	T54,HRG	R13,AVG	R61,MMR	B68,HRG	
10250.814	R24,AVG	T00,AVG	B41,MMR	T90,MMR	B82,HRG	R47,FAP	T54,FAP	R13,HRG	R61,MMR	B68,HRG	
10733.127	R24,AVG	T00,HRG	B41,FAP	T90,MMR	B82,FAP	R47,HRG	T54,MMR	R13,AVG	R61,MMR	B68,HRG	
10505.037	R24,AVG	T00,FAP	B41,HRG	T90,AVG	B82,MMR	R47,FAP	T54,FAP	R13,AVG	R61,MMR	B68,HRG	
9762.311	R24,FAP	T00,AVG	B41,AVG	T90,MMR	B82,FAP	R47,HRG	T54,HRG	R13,AVG	R61,MMR	B68,FAP	
11046.441	R24,HRG	T00,HRG	B41,AVG	T90,MMR	B82,MMR	R47,HRG	T54,FAP	R13,AVG	R61,MMR	B68,FAP	
8334.621	R24,AVG	T00,AVG	B41,MMR	T90,MMR	B82,MMR	R47,FAP	T54,FAP	R13,AVG	R61,HRG	B68,HRG	
10618.057	R24,AVG	T00,AVG	B41,MMR	T90,MMR	B82,HRG	R47,HRG	T54,FAP	R13,FAP	R61,FAP	B68,HRG	
9759.412	R24,AVG	T00,MMR	B41,FAP	T90,MMR	B82,HRG	R47,FAP	T54,AVG	R13,AVG	R61,MMR	B68,HRG	
9733.131	R24,AVG	T00,AVG	B41,HRG	T90,HRG	B82,MMR	R47,FAP	T54,FAP	R13,AVG	R61,MMR	B68,HRG	
9616.065	R24,MMR	T00,AVG	B41,AVG	T90,MMR	B82,MMR	R47,FAP	T54,FAP	R13,AVG	R61,HRG	B68,HRG	
10521.230	R24,MMR	T00,FAP	B41,AVG	T90,MMR	B82,FAP	R47,FAP	T54,HRG	R13,AVG	R61,MMR	B68,HRG	
9301.034	R24,MMR	T00,AVG	B41,AVG	T90,FAP	B82,MMR	R47,HRG	T54,FAP	R13,AVG	R61,MMR	B68,HRG	
9860.170	R24,AVG	T00,FAP	B41,MMR	T90,HRG	B82,MMR	R47,HRG	T54,FAP	R13,AVG	R61,MMR	B68,HRG	
9610.623	R24,HRG	T00,AVG	B41,FAP	T90,FAP	B82,MMR	R47,FAP	T54,MMR	R13,AVG	R61,MMR	B68,HRG	
8259.892	R24,FAP	T00,AVG	B41,FAP	T90,MMR	B82,MMR	R47,HRG	T54,FAP	R13,AVG	R61,MMR	B68,HRG	
8890.025	R24,FAP	T00,AVG	B41,MMR	T90,HRG	B82,MMR	R47,FAP	T54,FAP	R13,AVG	R61,MMR	B68,HRG	
11023.496	R24,AVG	T00,FAP	B41,MMR	T90,HRG	B82,MMR	R47,FAP	T54,FAP	R13,AVG	R61,HRG	B68,HRG	
10224.437	R24,AVG	T00,AVG	B41,FAP	T90,MMR	B82,MMR	R47,HRG	T54,HRG	R13,AVG	R61,HRG	B68,FAP	
11636.776	R24,FAP	T00,AVG	B41,FAP	T90,MMR	B82,HRG	R47,AVG	T54,FAP	R13,HRG	R61,MMR	B68,HRG	
9676.792	R24,AVG	T00,HRG	B41,FAP	T90,MMR	B82,MMR	R47,HRG	T54,FAP	R13,AVG	R61,MMR	B68,HRG	
10269.594	R24,FAP	T00,AVG	B41,FAP	T90,MMR	B82,HRG	R47,FAP	T54,HRG	R13,AVG	R61,MMR	B68,HRG	
11148.075	R24,AVG	T00,FAP	B41,FAP	T90,AVG	B82,MMR	R47,HRG	T54,HRG	R13,AVG	R61,MMR	B68,HRG	
11463.477	R24,AVG	T00,FAP	B41,FAP	T90,FAP	B82,MMR	R47,HRG	T54,MMR	R13,AVG	R61,HRG	B68,HRG	
9500.060	R24,AVG	T00,MMR	B41,HRG	T90,MMR	B82,MMR	R47,FAP	T54,FAP	R13,AVG	R61,FAP	B68,HRG	
9464.749	R24,FAP	T00,AVG	B41,FAP	T90,MMR	B82,MMR	R47,HRG	T54,FAP	R13,AVG	R61,AVG	B68,HRG	
9135.838	R24,AVG	T00,AVG	B41,HRG	T90,MMR	B82,MMR	R47,HRG	T54,FAP	R13,AVG	R61,FAP	B68,FAP	
10756.102	R24,HRG	T00,MMR	B41,AVG	T90,MMR	B82,MMR	R47,HRG	T54,FAP	R13,AVG	R61,FAP	B68,HRG	
10588.658	R24,AVG	T00,MMR	B41,FAP	T90,MMR	B82,MMR	R47,FAP	T54,HRG	R13,AVG	R61,HRG	B68,HRG	
10327.204	R24,MMR	T00,AVG	B41,AVG	T90,FAP	B82,MMR	R47,FAP	T54,HRG	R13,AVG	R61,FAP	B68,HRG	
8818.123	R24,AVG	T00,AVG	B41,HRG	T90,FAP	B82,MMR	R47,FAP	T54,FAP	R13,AVG	R61,MMR	B68,HRG	
11181.223	R24,FAP	T00,AVG	B41,MMR	T90,HRG	B82,MMR	R47,HRG	T54,AVG	R13,FAP	R61,MMR	B68,HRG	
8451.765	R24,HRG	T00,AVG	B41,AVG	T90,MMR	B82,MMR	R47,FAP	T54,FAP	R13,AVG	R61,MMR	B68,HRG	
9485.743	R24,AVG	T00,MMR	B41,FAP	T90,MMR	B82,FAP	R47,FAP	T54,HRG	R13,AVG	R61,MMR	B68,HRG	
8314.214	R24,AVG	T00,AVG	B41,MMR	T90,MMR	B82,FAP	R47,FAP	T54,HRG	R13,AVG	R61,MMR	B68,HRG	
10498.647	R24,FAP	T00,AVG	B41,MMR	T90,HRG	B82,FAP	R47,HRG	T54,FAP	R13,AVG	R61,MMR	B68,HRG	
9268.078	R24,AVG	T00,AVG	B41,AVG	T90,MMR	B82,MMR	R47,HRG	T54,FAP	R13,HRG	R61,MMR	B68,FAP	
8259.892	R24,FAP	T00,AVG	B41,FAP	T90,MMR	B82,MMR	R47,HRG	T54,FAP	R13,AVG	R61,MMR	B68,HRG	
7838.761	R24,AVG	T00,AVG	B41,FAP	T90,MMR	B82,MMR	R47,FAP	T54,HRG	R13,AVG	R61,MMR	B68,HRG	
10242.854	R24,FAP	T00,AVG	B41,AVG	T90,HRG	B82,MMR	R47,FAP	T54,HRG	R13,AVG	R61,MMR	B68,HRG	
9338.269	R24,FAP	T00,AVG	B41,MMR	T90,HRG	B82,MMR	R47,HRG	T54,FAP	R13,AVG	R61,MMR	B68,FAP	
9456.008	R24,FAP	T00,AVG	B41,HRG	T90,MMR	B82,MMR	R47,FAP	T54,HRG	R13,AVG	R61,MMR	B68,FAP	
9602.063	R24,AVG	T00,AVG	B41,FAP	T90,HRG	B82,MMR	R47,FAP	T54,HRG	R13,AVG	R61,MMR	B68,HRG	
10269.586	R24,AVG	T00,AVG	B41,AVG	T90,MMR	B82,MMR	R47,HRG	T54,HRG	R13,FAP	R61,FAP	B68,HRG	
9618.886	R24,HRG	T00,AVG	B41,MMR	T90,HRG	B82,MMR	R47,FAP	T54,FAP	R13,AVG	R61,MMR	B68,FAP	
9552.216	R24,AVG	T00,AVG	B41,FAP	T90,MMR	B82,FAP	R47,HRG	T54,FAP	R13,MMR	R61,MMR	B68,HRG	
10442.673	R24,AVG	T00,AVG	B41,FAP	T90,HRG	B82,HRG	R47,FAP	T54,MMR	R13,AVG	R61,MMR	B68,HRG	
