8109.821	R02,FAP	T07,AVG	B32,FAP	T36,AVG	B64,MMR	R78,HRG	T91,MMR	R09,HRG	
8546.488	R02,AVG	T07,FAP	B32,AVG	T36,MMR	B64,FAP	R78,HRG	T91,MMR	R09,HRG	
7616.121	R02,AVG	T07,AVG	B32,MMR	T36,HRG	B64,FAP	R78,FAP	T91,MMR	R09,HRG	
8336.309	R02,AVG	T07,FAP	B32,AVG	T36,HRG	B64,MMR	R78,HRG	T91,MMR	R09,FAP	
9320.111	R02,AVG	T07,FAP	B32,MMR	T36,AVG	B64,MMR	R78,HRG	T91,HRG	R09,FAP	
8657.055	R02,FAP	T07,AVG	B32,HRG	T36,AVG	B64,MMR	R78,HRG	T91,MMR	R09,FAP	
7875.884	R02,MMR	T07,AVG	B32,FAP	T36,FAP	B64,HRG	R78,HRG	T91,MMR	R09,AVG	
8158.696	R02,FAP	T07,AVG	B32,AVG	T36,HRG	B64,MMR	R78,HRG	T91,MMR	R09,FAP	
7616.121	R02,AVG	T07,AVG	B32,MMR	T36,HRG	B64,FAP	R78,FAP	T91,MMR	R09,HRG	
6909.066	R02,AVG	T07,AVG	B32,MMR	T36,FAP	B64,FAP	R78,HRG	T91,MMR	R09,HRG	
8394.469	R02,AVG	T07,HRG	B32,AVG	T36,FAP	B64,MMR	R78,HRG	T91,MMR	R09,FAP	
8058.336	R02,MMR	T07,AVG	B32,AVG	T36,HRG	B64,FAP	R78,HRG	T91,MMR	R09,FAP	
7959.292	R02,AVG	T07,AVG	B32,MMR	T36,FAP	B64,MMR	R78,HRG	T91,FAP	R09,HRG	
7115.618	R02,AVG	T07,AVG	B32,MMR	T36,HRG	B64,FAP	R78,HRG	T91,MMR	R09,FAP	
8219.817	R02,AVG	T07,AVG	B32,FAP	T36,FAP	B64,HRG	R78,HRG	T91,MMR	R09,MMR	
8868.639	R02,HRG	T07,AVG	B32,MMR	T36,AVG	B64,FAP	R78,FAP	T91,MMR	R09,HRG	
7725.494	R02,FAP	T07,AVG	B32,FAP	T36,HRG	B64,MMR	R78,HRG	T91,MMR	R09,AVG	
8073.422	R02,AVG	T07,AVG	B32,MMR	T36,HRG	B64,HRG	R78,FAP	T91,MMR	R09,FAP	
7115.618	R02,AVG	T07,AVG	B32,MMR	T36,HRG	B64,FAP	R78,HRG	T91,MMR	R09,FAP	
8058.336	R02,MMR	T07,AVG	B32,AVG	T36,HRG	B64,FAP	R78,HRG	T91,MMR	R09,FAP	
8572.749	R02,MMR	T07,FAP	B32,AVG	T36,HRG	B64,FAP	R78,HRG	T91,MMR	R09,AVG	
8657.055	R02,FAP	T07,AVG	B32,HRG	T36,AVG	B64,MMR	R78,HRG	T91,MMR	R09,FAP	
8219.817	R02,AVG	T07,AVG	B32,FAP	T36,FAP	B64,HRG	R78,HRG	T91,MMR	R09,MMR	
8587.835	R02,AVG	T07,FAP	B32,MMR	T36,HRG	B64,HRG	R78,FAP	T91,MMR	R09,AVG	
8243.790	R02,AVG	T07,FAP	B32,HRG	T36,FAP	B64,MMR	R78,HRG	T91,MMR	R09,AVG	
9320.111	R02,AVG	T07,FAP	B32,MMR	T36,AVG	B64,MMR	R78,HRG	T91,HRG	R09,FAP	
8056.175	R02,AVG	T07,AVG	B32,FAP	T36,MMR	B64,HRG	R78,HRG	T91,MMR	R09,FAP	
8731.270	R02,FAP	T07,HRG	B32,AVG	T36,FAP	B64,MMR	R78,HRG	T91,MMR	R09,AVG	
9098.985	R02,MMR	T07,AVG	B32,FAP	T36,FAP	B64,AVG	R78,HRG	T91,MMR	R09,HRG	
8967.265	R02,MMR	T07,AVG	B32,FAP	T36,AVG	B64,HRG	R78,FAP	T91,MMR	R09,HRG	
7630.031	R02,AVG	T07,FAP	B32,MMR	T36,HRG	B64,FAP	R78,HRG	T91,MMR	R09,AVG	
