7736.912	R24,LHH	T00,LHH	B41,FHZ	T90,SZC	B82,GRP	R47,ICH	T54,GRP	R13,FHZ	R61,SZC	B68,ICH	
7877.367	R24,GRP	T00,FHZ	B41,LHH	T90,ICH	B82,SZC	R47,ICH	T54,GRP	R13,FHZ	R61,SZC	B68,LHH	
8697.412	R24,GRP	T00,LHH	B41,GRP	T90,SZC	B82,ICH	R47,LHH	T54,FHZ	R13,FHZ	R61,SZC	B68,ICH	
8420.025	R24,FHZ	T00,FHZ	B41,ICH	T90,SZC	B82,SZC	R47,ICH	T54,LHH	R13,GRP	R61,GRP	B68,LHH	
7600.317	R24,ICH	T00,FHZ	B41,LHH	T90,SZC	B82,SZC	R47,ICH	T54,GRP	R13,FHZ	R61,GRP	B68,LHH	
8921.225	R24,LHH	T00,LHH	B41,FHZ	T90,SZC	B82,FHZ	R47,ICH	T54,GRP	R13,GRP	R61,SZC	B68,ICH	
7442.674	R24,LHH	T00,FHZ	B41,FHZ	T90,SZC	B82,SZC	R47,LHH	T54,ICH	R13,GRP	R61,GRP	B68,ICH	
7810.520	R24,GRP	T00,LHH	B41,FHZ	T90,SZC	B82,ICH	R47,LHH	T54,GRP	R13,FHZ	R61,SZC	B68,ICH	
7879.895	R24,GRP	T00,FHZ	B41,FHZ	T90,GRP	B82,SZC	R47,LHH	T54,ICH	R13,LHH	R61,SZC	B68,ICH	
7143.299	R24,LHH	T00,FHZ	B41,LHH	T90,SZC	B82,SZC	R47,ICH	T54,GRP	R13,FHZ	R61,GRP	B68,ICH	
8136.959	R24,ICH	T00,FHZ	B41,SZC	T90,SZC	B82,ICH	R47,LHH	T54,GRP	R13,FHZ	R61,GRP	B68,LHH	
7310.602	R24,FHZ	T00,FHZ	B41,GRP	T90,SZC	B82,SZC	R47,LHH	T54,ICH	R13,LHH	R61,GRP	B68,ICH	
8153.271	R24,GRP	T00,FHZ	B41,LHH	T90,LHH	B82,SZC	R47,ICH	T54,GRP	R13,FHZ	R61,SZC	B68,ICH	
8457.841	R24,ICH	T00,FHZ	B41,GRP	T90,ICH	B82,SZC	R47,LHH	T54,SZC	R13,FHZ	R61,GRP	B68,LHH	
8891.714	R24,GRP	T00,FHZ	B41,LHH	T90,GRP	B82,SZC	R47,LHH	T54,SZC	R13,FHZ	R61,ICH	B68,ICH	
8478.497	R24,FHZ	T00,GRP	B41,FHZ	T90,SZC	B82,ICH	R47,LHH	T54,GRP	R13,LHH	R61,SZC	B68,ICH	
8630.782	R24,GRP	T00,FHZ	B41,GRP	T90,ICH	B82,SZC	R47,ICH	T54,FHZ	R13,LHH	R61,SZC	B68,LHH	
7871.423	R24,GRP	T00,FHZ	B41,GRP	T90,SZC	B82,ICH	R47,ICH	T54,LHH	R13,FHZ	R61,SZC	B68,LHH	
9260.702	R24,GRP	T00,FHZ	B41,GRP	T90,SZC	B82,ICH	R47,LHH	T54,ICH	R13,LHH	R61,SZC	B68,FHZ	
8340.620	R24,GRP	T00,FHZ	B41,LHH	T90,SZC	B82,GRP	R47,ICH	T54,LHH	R13,FHZ	R61,SZC	B68,ICH	
7451.498	R24,GRP	T00,FHZ	B41,FHZ	T90,SZC	B82,SZC	R47,ICH	T54,GRP	R13,LHH	R61,ICH	B68,LHH	
8793.800	R24,ICH	T00,FHZ	B41,GRP	T90,LHH	B82,SZC	R47,ICH	T54,SZC	R13,FHZ	R61,GRP	B68,LHH	
8795.392	R24,LHH	T00,FHZ	B41,FHZ	T90,ICH	B82,SZC	R47,LHH	T54,GRP	R13,ICH	R61,SZC	B68,GRP	
7886.595	R24,LHH	T00,FHZ	B41,ICH	T90,SZC	B82,SZC	R47,LHH	T54,ICH	R13,FHZ	R61,GRP	B68,GRP	
9029.064	R24,GRP	T00,FHZ	B41,SZC	T90,SZC	B82,FHZ	R47,LHH	T54,GRP	R13,LHH	R61,ICH	B68,ICH	
8171.671	R24,FHZ	T00,FHZ	B41,ICH	T90,GRP	B82,SZC	R47,ICH	T54,GRP	R13,LHH	R61,SZC	B68,LHH	
8610.070	R24,GRP	T00,FHZ	B41,SZC	T90,GRP	B82,ICH	R47,LHH	T54,ICH	R13,FHZ	R61,SZC	B68,LHH	
9092.793	R24,GRP	T00,FHZ	B41,FHZ	T90,SZC	B82,GRP	R47,LHH	T54,ICH	R13,LHH	R61,ICH	B68,SZC	
8468.436	R24,ICH	T00,FHZ	B41,FHZ	T90,SZC	B82,ICH	R47,GRP	T54,GRP	R13,LHH	R61,SZC	B68,LHH	
7757.970	R24,LHH	T00,FHZ	B41,GRP	T90,SZC	B82,SZC	R47,LHH	T54,ICH	R13,FHZ	R61,ICH	B68,GRP	
7575.118	R24,LHH	T00,FHZ	B41,FHZ	T90,SZC	B82,SZC	R47,LHH	T54,GRP	R13,ICH	R61,GRP	B68,ICH	
